<?xml version="1.0" encoding="UTF-8"?>
<!-- Generated by org.testng.reporters.JUnitXMLReporter -->
<testsuite ignored="0" hostname="LAPTOP-90" failures="0" tests="3" name="methods" time="6.255" errors="0" timestamp="2023-08-18T14:28:02 IST">
  <testcase classname="com.seleniumtesting.seleniumMavenProject.seleniumTestDemo" name="@BeforeMethod loginToTheSalesforce" time="5.961">
    <failure type="org.openqa.selenium.NoSuchWindowException" message="no such window: target window already closed
from unknown error: web view not found
  (Session info: chrome=115.0.5790.171)
Build info: version: &amp;apos;4.11.0&amp;apos;, revision: &amp;apos;040bc5406b&amp;apos;
System info: os.name: &amp;apos;Windows 10&amp;apos;, os.arch: &amp;apos;amd64&amp;apos;, os.version: &amp;apos;10.0&amp;apos;, java.version: &amp;apos;20.0.2&amp;apos;
Driver info: org.openqa.selenium.chrome.ChromeDriver
Command: [cbc5ef91e749a5bc1584239e12902504, findElement {using=id, value=username}]
Capabilities {acceptInsecureCerts: false, browserName: chrome, browserVersion: 115.0.5790.171, chrome: {chromedriverVersion: 114.0.5735.90 (386bc09e8f4f..., userDataDir: C:\Users\SHUBHA~1.NAV\AppDa...}, goog:chromeOptions: {debuggerAddress: localhost:64281}, networkConnectionEnabled: false, pageLoadStrategy: normal, platformName: windows, proxy: Proxy(), se:cdp: ws://localhost:64281/devtoo..., se:cdpVersion: 115.0.5790.171, setWindowRect: true, strictFileInteractability: false, timeouts: {implicit: 0, pageLoad: 300000, script: 30000}, unhandledPromptBehavior: dismiss and notify, webauthn:extension:credBlob: true, webauthn:extension:largeBlob: true, webauthn:extension:minPinLength: true, webauthn:extension:prf: true, webauthn:virtualAuthenticators: true}
Session ID: cbc5ef91e749a5bc1584239e12902504">
      <![CDATA[org.openqa.selenium.NoSuchWindowException: no such window: target window already closed
from unknown error: web view not found
  (Session info: chrome=115.0.5790.171)
Build info: version: '4.11.0', revision: '040bc5406b'
System info: os.name: 'Windows 10', os.arch: 'amd64', os.version: '10.0', java.version: '20.0.2'
Driver info: org.openqa.selenium.chrome.ChromeDriver
Command: [cbc5ef91e749a5bc1584239e12902504, findElement {using=id, value=username}]
Capabilities {acceptInsecureCerts: false, browserName: chrome, browserVersion: 115.0.5790.171, chrome: {chromedriverVersion: 114.0.5735.90 (386bc09e8f4f..., userDataDir: C:\Users\SHUBHA~1.NAV\AppDa...}, goog:chromeOptions: {debuggerAddress: localhost:64281}, networkConnectionEnabled: false, pageLoadStrategy: normal, platformName: windows, proxy: Proxy(), se:cdp: ws://localhost:64281/devtoo..., se:cdpVersion: 115.0.5790.171, setWindowRect: true, strictFileInteractability: false, timeouts: {implicit: 0, pageLoad: 300000, script: 30000}, unhandledPromptBehavior: dismiss and notify, webauthn:extension:credBlob: true, webauthn:extension:largeBlob: true, webauthn:extension:minPinLength: true, webauthn:extension:prf: true, webauthn:virtualAuthenticators: true}
Session ID: cbc5ef91e749a5bc1584239e12902504
at org.openqa.selenium.remote.codec.w3c.W3CHttpResponseCodec.createException(W3CHttpResponseCodec.java:200)
at org.openqa.selenium.remote.codec.w3c.W3CHttpResponseCodec.decode(W3CHttpResponseCodec.java:133)
at org.openqa.selenium.remote.codec.w3c.W3CHttpResponseCodec.decode(W3CHttpResponseCodec.java:52)
at org.openqa.selenium.remote.HttpCommandExecutor.execute(HttpCommandExecutor.java:191)
at org.openqa.selenium.remote.service.DriverCommandExecutor.invokeExecute(DriverCommandExecutor.java:196)
at org.openqa.selenium.remote.service.DriverCommandExecutor.execute(DriverCommandExecutor.java:171)
at org.openqa.selenium.remote.RemoteWebDriver.execute(RemoteWebDriver.java:518)
at org.openqa.selenium.remote.ElementLocation$ElementFinder$2.findElement(ElementLocation.java:165)
at org.openqa.selenium.remote.ElementLocation.findElement(ElementLocation.java:66)
at org.openqa.selenium.remote.RemoteWebDriver.findElement(RemoteWebDriver.java:355)
at org.openqa.selenium.remote.RemoteWebDriver.findElement(RemoteWebDriver.java:349)
at com.seleniumtesting.seleniumMavenProject.seleniumTestDemo.loginToTheSalesforce(seleniumTestDemo.java:47)
at java.base/java.util.ArrayList.forEach(ArrayList.java:1511)
... Removed 32 stack frames]]>
    </failure>
  </testcase> <!-- @BeforeMethod loginToTheSalesforce -->
  <testcase classname="com.seleniumtesting.seleniumMavenProject.seleniumTestDemo" name="@AfterMethod logoutFromSalesforce" time="0.0">
    <skipped/>
  </testcase> <!-- @AfterMethod logoutFromSalesforce -->
  <testcase classname="com.seleniumtesting.seleniumMavenProject.seleniumTestDemo" name="@BeforeMethod loginToTheSalesforce" time="0.0">
    <skipped/>
  </testcase> <!-- @BeforeMethod loginToTheSalesforce -->
  <testcase classname="com.seleniumtesting.seleniumMavenProject.seleniumTestDemo" name="@AfterMethod logoutFromSalesforce" time="0.0">
    <skipped/>
  </testcase> <!-- @AfterMethod logoutFromSalesforce -->
  <testcase classname="com.seleniumtesting.seleniumMavenProject.seleniumTestDemo" name="@BeforeMethod loginToTheSalesforce" time="0.0">
    <skipped/>
  </testcase> <!-- @BeforeMethod loginToTheSalesforce -->
  <testcase classname="com.seleniumtesting.seleniumMavenProject.seleniumTestDemo" name="@AfterMethod logoutFromSalesforce" time="0.0">
    <skipped/>
  </testcase> <!-- @AfterMethod logoutFromSalesforce -->
  <testcase classname="com.seleniumtesting.seleniumMavenProject.seleniumTestDemo" name="leadConversionProcess" time="0.0">
    <skipped/>
  </testcase> <!-- leadConversionProcess -->
  <testcase classname="com.seleniumtesting.seleniumMavenProject.seleniumTestDemo" name="openSalesApp" time="0.0">
    <skipped/>
  </testcase> <!-- openSalesApp -->
  <testcase classname="com.seleniumtesting.seleniumMavenProject.seleniumTestDemo" name="recruitmentSignupLoginProcess" time="0.0">
    <skipped/>
  </testcase> <!-- recruitmentSignupLoginProcess -->
</testsuite> <!-- methods -->
