<?xml version="1.0" encoding="UTF-8"?>
<!-- Generated by org.testng.reporters.JUnitXMLReporter -->
<testsuite ignored="0" hostname="LAPTOP-90" failures="2" tests="3" name="Test" time="134.063" errors="0" timestamp="2023-08-19T13:09:45 IST">
  <testcase classname="com.seleniumtesting.seleniumMavenProject.seleniumTestDemo" name="openSalesApp" time="50.759"/>
  <testcase classname="com.seleniumtesting.seleniumMavenProject.seleniumTestDemo" name="recruitmentSignupLoginProcess" time="122.389">
    <failure type="org.openqa.selenium.NoSuchElementException" message="no such element: Unable to locate element: {&amp;quot;method&amp;quot;:&amp;quot;xpath&amp;quot;,&amp;quot;selector&amp;quot;:&amp;quot;/html/body/div[4]/div[1]/section/div[1]/div[2]/div[2]/div[1]/div/div/div/div/div/div/div/div[1]/div[1]/div[1]/article/div/flowruntime-flow/flowruntime-lwc-body/div/flowruntime-list-container/div/flowruntime-base-section/div/flowruntime-screen-field[2]/flowruntime-lwc-field/div/flowruntime-radio-button-input-lwc/fieldset/div/span[2]/label/span[1]&amp;quot;}
  (Session info: chrome=115.0.5790.171)
For documentation on this error, please visit: https://www.selenium.dev/documentation/webdriver/troubleshooting/errors#no-such-element-exception
Build info: version: &amp;apos;4.11.0&amp;apos;, revision: &amp;apos;040bc5406b&amp;apos;
System info: os.name: &amp;apos;Windows 10&amp;apos;, os.arch: &amp;apos;amd64&amp;apos;, os.version: &amp;apos;10.0&amp;apos;, java.version: &amp;apos;20.0.2&amp;apos;
Driver info: org.openqa.selenium.chrome.ChromeDriver
Command: [6c5656fc48d664c00a495739e6c666e5, findElement {using=xpath, value=/html/body/div[4]/div[1]/section/div[1]/div[2]/div[2]/div[1]/div/div/div/div/div/div/div/div[1]/div[1]/div[1]/article/div/flowruntime-flow/flowruntime-lwc-body/div/flowruntime-list-container/div/flowruntime-base-section/div/flowruntime-screen-field[2]/flowruntime-lwc-field/div/flowruntime-radio-button-input-lwc/fieldset/div/span[2]/label/span[1]}]
Capabilities {acceptInsecureCerts: false, browserName: chrome, browserVersion: 115.0.5790.171, chrome: {chromedriverVersion: 114.0.5735.90 (386bc09e8f4f..., userDataDir: C:\Users\SHUBHA~1.NAV\AppDa...}, goog:chromeOptions: {debuggerAddress: localhost:63845}, networkConnectionEnabled: false, pageLoadStrategy: normal, platformName: windows, proxy: Proxy(), se:cdp: ws://localhost:63845/devtoo..., se:cdpVersion: 115.0.5790.171, setWindowRect: true, strictFileInteractability: false, timeouts: {implicit: 0, pageLoad: 300000, script: 30000}, unhandledPromptBehavior: dismiss and notify, webauthn:extension:credBlob: true, webauthn:extension:largeBlob: true, webauthn:extension:minPinLength: true, webauthn:extension:prf: true, webauthn:virtualAuthenticators: true}
Session ID: 6c5656fc48d664c00a495739e6c666e5">
      <![CDATA[org.openqa.selenium.NoSuchElementException: no such element: Unable to locate element: {"method":"xpath","selector":"/html/body/div[4]/div[1]/section/div[1]/div[2]/div[2]/div[1]/div/div/div/div/div/div/div/div[1]/div[1]/div[1]/article/div/flowruntime-flow/flowruntime-lwc-body/div/flowruntime-list-container/div/flowruntime-base-section/div/flowruntime-screen-field[2]/flowruntime-lwc-field/div/flowruntime-radio-button-input-lwc/fieldset/div/span[2]/label/span[1]"}
  (Session info: chrome=115.0.5790.171)
For documentation on this error, please visit: https://www.selenium.dev/documentation/webdriver/troubleshooting/errors#no-such-element-exception
Build info: version: '4.11.0', revision: '040bc5406b'
System info: os.name: 'Windows 10', os.arch: 'amd64', os.version: '10.0', java.version: '20.0.2'
Driver info: org.openqa.selenium.chrome.ChromeDriver
Command: [6c5656fc48d664c00a495739e6c666e5, findElement {using=xpath, value=/html/body/div[4]/div[1]/section/div[1]/div[2]/div[2]/div[1]/div/div/div/div/div/div/div/div[1]/div[1]/div[1]/article/div/flowruntime-flow/flowruntime-lwc-body/div/flowruntime-list-container/div/flowruntime-base-section/div/flowruntime-screen-field[2]/flowruntime-lwc-field/div/flowruntime-radio-button-input-lwc/fieldset/div/span[2]/label/span[1]}]
Capabilities {acceptInsecureCerts: false, browserName: chrome, browserVersion: 115.0.5790.171, chrome: {chromedriverVersion: 114.0.5735.90 (386bc09e8f4f..., userDataDir: C:\Users\SHUBHA~1.NAV\AppDa...}, goog:chromeOptions: {debuggerAddress: localhost:63845}, networkConnectionEnabled: false, pageLoadStrategy: normal, platformName: windows, proxy: Proxy(), se:cdp: ws://localhost:63845/devtoo..., se:cdpVersion: 115.0.5790.171, setWindowRect: true, strictFileInteractability: false, timeouts: {implicit: 0, pageLoad: 300000, script: 30000}, unhandledPromptBehavior: dismiss and notify, webauthn:extension:credBlob: true, webauthn:extension:largeBlob: true, webauthn:extension:minPinLength: true, webauthn:extension:prf: true, webauthn:virtualAuthenticators: true}
Session ID: 6c5656fc48d664c00a495739e6c666e5
at org.openqa.selenium.remote.codec.w3c.W3CHttpResponseCodec.createException(W3CHttpResponseCodec.java:200)
at org.openqa.selenium.remote.codec.w3c.W3CHttpResponseCodec.decode(W3CHttpResponseCodec.java:133)
at org.openqa.selenium.remote.codec.w3c.W3CHttpResponseCodec.decode(W3CHttpResponseCodec.java:52)
at org.openqa.selenium.remote.HttpCommandExecutor.execute(HttpCommandExecutor.java:191)
at org.openqa.selenium.remote.service.DriverCommandExecutor.invokeExecute(DriverCommandExecutor.java:196)
at org.openqa.selenium.remote.service.DriverCommandExecutor.execute(DriverCommandExecutor.java:171)
at org.openqa.selenium.remote.RemoteWebDriver.execute(RemoteWebDriver.java:518)
at org.openqa.selenium.remote.ElementLocation$ElementFinder$2.findElement(ElementLocation.java:165)
at org.openqa.selenium.remote.ElementLocation.findElement(ElementLocation.java:59)
at org.openqa.selenium.remote.RemoteWebDriver.findElement(RemoteWebDriver.java:355)
at org.openqa.selenium.remote.RemoteWebDriver.findElement(RemoteWebDriver.java:349)
at com.seleniumtesting.seleniumMavenProject.seleniumTestDemo.recruitmentSignupLoginProcess(seleniumTestDemo.java:163)
at java.base/java.util.concurrent.ThreadPoolExecutor.runWorker(ThreadPoolExecutor.java:1144)
at java.base/java.util.concurrent.ThreadPoolExecutor$Worker.run(ThreadPoolExecutor.java:642)
at java.base/java.lang.Thread.run(Thread.java:1623)
... Removed 13 stack frames]]>
    </failure>
  </testcase> <!-- recruitmentSignupLoginProcess -->
  <testcase classname="com.seleniumtesting.seleniumMavenProject.seleniumTestDemo" name="leadConversionProcess" time="132.855">
    <failure type="org.openqa.selenium.ElementClickInterceptedException" message="element click intercepted: Element &amp;lt;a title=&amp;quot;...&amp;quot; href=&amp;quot;/lightning/r/0062w00000N7jdsAAB/view&amp;quot;&amp;gt;Waelchi Inc-&amp;lt;/a&amp;gt; is not clickable at point (159, 175). Other element would receive the click: &amp;lt;div role=&amp;quot;alertdialog&amp;quot; aria-describedby=&amp;quot;toastDescription2820:0&amp;quot; data-key=&amp;quot;info&amp;quot; class=&amp;quot;slds-theme--info slds-notify--toast slds-notify slds-notify--toast forceToastMessage&amp;quot; data-aura-rendered-by=&amp;quot;2822:0&amp;quot; data-aura-class=&amp;quot;forceToastMessage&amp;quot; aria-label=&amp;quot;Info&amp;quot;&amp;gt;...&amp;lt;/div&amp;gt;
  (Session info: chrome=115.0.5790.171)
Build info: version: &amp;apos;4.11.0&amp;apos;, revision: &amp;apos;040bc5406b&amp;apos;
System info: os.name: &amp;apos;Windows 10&amp;apos;, os.arch: &amp;apos;amd64&amp;apos;, os.version: &amp;apos;10.0&amp;apos;, java.version: &amp;apos;20.0.2&amp;apos;
Driver info: org.openqa.selenium.chrome.ChromeDriver
Command: [d112442a1e579aedabb2524e2037b35d, clickElement {id=9148134E679EB12B7F3E0F35D83D841E_element_692}]
Capabilities {acceptInsecureCerts: false, browserName: chrome, browserVersion: 115.0.5790.171, chrome: {chromedriverVersion: 114.0.5735.90 (386bc09e8f4f..., userDataDir: C:\Users\SHUBHA~1.NAV\AppDa...}, goog:chromeOptions: {debuggerAddress: localhost:63843}, networkConnectionEnabled: false, pageLoadStrategy: normal, platformName: windows, proxy: Proxy(), se:cdp: ws://localhost:63843/devtoo..., se:cdpVersion: 115.0.5790.171, setWindowRect: true, strictFileInteractability: false, timeouts: {implicit: 0, pageLoad: 300000, script: 30000}, unhandledPromptBehavior: dismiss and notify, webauthn:extension:credBlob: true, webauthn:extension:largeBlob: true, webauthn:extension:minPinLength: true, webauthn:extension:prf: true, webauthn:virtualAuthenticators: true}
Element: [[ChromeDriver: chrome on windows (d112442a1e579aedabb2524e2037b35d)] -&amp;gt; xpath: /html/body/div[4]/div[1]/section/div[1]/div[2]/div[2]/div[1]/div/div/div/div[4]/div/div/div[1]/div[1]/div[1]/div/div/lst-breadcrumbs/nav/ol/li[2]/a]
Session ID: d112442a1e579aedabb2524e2037b35d">
      <![CDATA[org.openqa.selenium.ElementClickInterceptedException: element click intercepted: Element <a title="..." href="/lightning/r/0062w00000N7jdsAAB/view">Waelchi Inc-</a> is not clickable at point (159, 175). Other element would receive the click: <div role="alertdialog" aria-describedby="toastDescription2820:0" data-key="info" class="slds-theme--info slds-notify--toast slds-notify slds-notify--toast forceToastMessage" data-aura-rendered-by="2822:0" data-aura-class="forceToastMessage" aria-label="Info">...</div>
  (Session info: chrome=115.0.5790.171)
Build info: version: '4.11.0', revision: '040bc5406b'
System info: os.name: 'Windows 10', os.arch: 'amd64', os.version: '10.0', java.version: '20.0.2'
Driver info: org.openqa.selenium.chrome.ChromeDriver
Command: [d112442a1e579aedabb2524e2037b35d, clickElement {id=9148134E679EB12B7F3E0F35D83D841E_element_692}]
Capabilities {acceptInsecureCerts: false, browserName: chrome, browserVersion: 115.0.5790.171, chrome: {chromedriverVersion: 114.0.5735.90 (386bc09e8f4f..., userDataDir: C:\Users\SHUBHA~1.NAV\AppDa...}, goog:chromeOptions: {debuggerAddress: localhost:63843}, networkConnectionEnabled: false, pageLoadStrategy: normal, platformName: windows, proxy: Proxy(), se:cdp: ws://localhost:63843/devtoo..., se:cdpVersion: 115.0.5790.171, setWindowRect: true, strictFileInteractability: false, timeouts: {implicit: 0, pageLoad: 300000, script: 30000}, unhandledPromptBehavior: dismiss and notify, webauthn:extension:credBlob: true, webauthn:extension:largeBlob: true, webauthn:extension:minPinLength: true, webauthn:extension:prf: true, webauthn:virtualAuthenticators: true}
Element: [[ChromeDriver: chrome on windows (d112442a1e579aedabb2524e2037b35d)] -> xpath: /html/body/div[4]/div[1]/section/div[1]/div[2]/div[2]/div[1]/div/div/div/div[4]/div/div/div[1]/div[1]/div[1]/div/div/lst-breadcrumbs/nav/ol/li[2]/a]
Session ID: d112442a1e579aedabb2524e2037b35d
at org.openqa.selenium.remote.codec.w3c.W3CHttpResponseCodec.createException(W3CHttpResponseCodec.java:200)
at org.openqa.selenium.remote.codec.w3c.W3CHttpResponseCodec.decode(W3CHttpResponseCodec.java:133)
at org.openqa.selenium.remote.codec.w3c.W3CHttpResponseCodec.decode(W3CHttpResponseCodec.java:52)
at org.openqa.selenium.remote.HttpCommandExecutor.execute(HttpCommandExecutor.java:191)
at org.openqa.selenium.remote.service.DriverCommandExecutor.invokeExecute(DriverCommandExecutor.java:196)
at org.openqa.selenium.remote.service.DriverCommandExecutor.execute(DriverCommandExecutor.java:171)
at org.openqa.selenium.remote.RemoteWebDriver.execute(RemoteWebDriver.java:518)
at org.openqa.selenium.remote.RemoteWebElement.execute(RemoteWebElement.java:224)
at org.openqa.selenium.remote.RemoteWebElement.click(RemoteWebElement.java:77)
at com.seleniumtesting.seleniumMavenProject.seleniumTestDemo.leadConversionProcess(seleniumTestDemo.java:100)
at java.base/java.util.concurrent.ThreadPoolExecutor.runWorker(ThreadPoolExecutor.java:1144)
at java.base/java.util.concurrent.ThreadPoolExecutor$Worker.run(ThreadPoolExecutor.java:642)
at java.base/java.lang.Thread.run(Thread.java:1623)
... Removed 13 stack frames]]>
    </failure>
  </testcase> <!-- leadConversionProcess -->
</testsuite> <!-- Test -->
